[debug] [2022-06-05T06:33:33.815Z] ----------------------------------------------------------------------
[debug] [2022-06-05T06:33:33.821Z] Command:       C:\Program Files\nodejs\node.exe C:\Users\Hp\AppData\Roaming\npm\node_modules\firebase-tools\lib\bin\firebase.js init
[debug] [2022-06-05T06:33:33.822Z] CLI Version:   11.0.1
[debug] [2022-06-05T06:33:33.823Z] Platform:      win32
[debug] [2022-06-05T06:33:33.823Z] Node Version:  v14.18.1
[debug] [2022-06-05T06:33:33.827Z] Time:          Sun Jun 05 2022 12:03:33 GMT+0530 (India Standard Time)
[debug] [2022-06-05T06:33:33.827Z] ----------------------------------------------------------------------
[debug] 
[debug] [2022-06-05T06:33:33.892Z] > command requires scopes: ["email","openid","https://www.googleapis.com/auth/cloudplatformprojects.readonly","https://www.googleapis.com/auth/firebase","https://www.googleapis.com/auth/cloud-platform"]
[debug] [2022-06-05T06:33:33.893Z] > authorizing via signed-in user (mohsinkhan1292002@gmail.com)
[info] 
     ######## #### ########  ######## ########     ###     ######  ########
     ##        ##  ##     ## ##       ##     ##  ##   ##  ##       ##
     ######    ##  ########  ######   ########  #########  ######  ######
     ##        ##  ##    ##  ##       ##     ## ##     ##       ## ##
     ##       #### ##     ## ######## ########  ##     ##  ######  ########

You're about to initialize a Firebase project in this directory:

  D:\Portfolio

[info] 
=== Project Setup
[info] 
[info] First, let's associate this project directory with a Firebase project.
[info] You can create multiple project aliases by running firebase use --add, 
[info] but for now we'll just set up a default project.
[info] 
[debug] [2022-06-05T06:34:59.445Z] >>> [apiv2][query] GET https://firebase.googleapis.com/v1beta1/projects pageSize=100
[debug] [2022-06-05T06:35:00.723Z] <<< [apiv2][status] GET https://firebase.googleapis.com/v1beta1/projects 200
[debug] [2022-06-05T06:35:00.723Z] <<< [apiv2][body] GET https://firebase.googleapis.com/v1beta1/projects [omitted]
[info] i  Using project designsepicofficial (portfolio website) 
[info] 
=== Hosting Setup
[info] 
[info] Your public directory is the folder (relative to your project directory) that
[info] will contain Hosting assets to be uploaded with firebase deploy. If you
[info] have a build process for your assets, use your build's output directory.
[info] 
[debug] [2022-06-05T06:37:31.067Z] Error: kill ENOSYS
    at process.kill (internal/process/per_thread.js:204:13)
    at process.listener (C:\Users\Hp\AppData\Roaming\npm\node_modules\firebase-tools\node_modules\signal-exit\index.js:95:15)
    at process.emit (events.js:400:28)
[error] 
[error] Error: An unexpected error has occurred.
